<?xml version="1.0" encoding="UTF-8"?>
<TestRun id="06d5aeff-9904-4370-9d4a-6683ebb3637c" name="GordoLL@MUZPTO-0863 2011-08-29 18:06:29" runUser="IFDK\GordoLL" xmlns="http://microsoft.com/schemas/VisualStudio/TeamTest/2010">
  <TestSettings name="Local" id="752bf8a9-e3eb-47d8-b31a-b717c5a5dbe5">
    <Description>These are default test settings for a local test run.</Description>
    <Deployment enabled="false" runDeploymentRoot="GordoLL_MUZPTO-0863 2011-08-29 18_06_29" />
    <Execution>
      <TestTypeSpecific />
      <AgentRule name="Execution Agents">
      </AgentRule>
    </Execution>
  </TestSettings>
  <Times creation="2011-08-29T18:06:29.2701415+04:00" queuing="2011-08-29T18:06:29.9312076+04:00" start="2011-08-29T18:06:30.1142259+04:00" finish="2011-08-29T18:06:30.4112556+04:00" />
  <ResultSummary outcome="Completed">
    <Counters total="1" executed="1" passed="1" error="0" failed="0" timeout="0" aborted="0" inconclusive="0" passedButRunAborted="0" notRunnable="0" notExecuted="0" disconnected="0" warning="0" completed="0" inProgress="0" pending="0" />
  </ResultSummary>
  <TestDefinitions>
    <UnitTest name="TestIdentityRightIdentity" storage="c:\users\gordoll\documents\visual studio 2010\projects\mvcblanket\mvcblanketlibtest\bin\debug\mvcblanketlibtest.dll" id="a6f397e5-8920-0dc6-bf5c-246635bcc978">
      <Execution timeOut="1800000" id="9a43a838-8c08-456e-89a2-6c6ea9aae525" />
      <TestMethod codeBase="c:/users/gordoll/documents/visual studio 2010/Projects/MvcBlanket/MvcBlanketLibTest/bin/Debug/MvcBlanketLibTest.DLL" adapterTypeName="Microsoft.VisualStudio.TestTools.TestTypes.Unit.UnitTestAdapter, Microsoft.VisualStudio.QualityTools.Tips.UnitTest.Adapter, Version=10.0.0.0, Culture=neutral, PublicKeyToken=b03f5f7f11d50a3a" className="MvcBlanketLibTest.IdentityMonadsTest, MvcBlanketLibTest, Version=1.0.0.0, Culture=neutral, PublicKeyToken=null" name="TestIdentityRightIdentity" />
    </UnitTest>
  </TestDefinitions>
  <TestLists>
    <TestList name="Results Not in a List" id="8c84fa94-04c1-424b-9868-57a2d4851a1d" />
    <TestList name="All Loaded Results" id="19431567-8539-422a-85d7-44ee4e166bda" />
  </TestLists>
  <TestEntries>
    <TestEntry testId="a6f397e5-8920-0dc6-bf5c-246635bcc978" executionId="9a43a838-8c08-456e-89a2-6c6ea9aae525" testListId="8c84fa94-04c1-424b-9868-57a2d4851a1d" />
  </TestEntries>
  <Results>
    <UnitTestResult executionId="9a43a838-8c08-456e-89a2-6c6ea9aae525" testId="a6f397e5-8920-0dc6-bf5c-246635bcc978" testName="TestIdentityRightIdentity" computerName="MUZPTO-0863" duration="00:00:00.0330636" startTime="2011-08-29T18:06:30.2312376+04:00" endTime="2011-08-29T18:06:30.3322477+04:00" testType="13cdc9d9-ddb5-4fa4-a97d-d965ccfc6d4b" outcome="Passed" testListId="8c84fa94-04c1-424b-9868-57a2d4851a1d" relativeResultsDirectory="9a43a838-8c08-456e-89a2-6c6ea9aae525">
    </UnitTestResult>
  </Results>
</TestRun>