<?xml version="1.0" encoding="UTF-8"?>
<TestRun id="cc3d003d-d643-449b-aec0-54c6828991a1" name="GordoLL@MUZPTO-0863 2011-08-29 17:40:23" runUser="IFDK\GordoLL" xmlns="http://microsoft.com/schemas/VisualStudio/TeamTest/2010">
  <TestSettings name="Local" id="752bf8a9-e3eb-47d8-b31a-b717c5a5dbe5">
    <Description>These are default test settings for a local test run.</Description>
    <Deployment enabled="false" runDeploymentRoot="GordoLL_MUZPTO-0863 2011-08-29 17_40_23" />
    <Execution>
      <TestTypeSpecific />
      <AgentRule name="Execution Agents">
      </AgentRule>
    </Execution>
  </TestSettings>
  <Times creation="2011-08-29T17:40:23.2135515+04:00" queuing="2011-08-29T17:40:24.5386840+04:00" start="2011-08-29T17:40:24.9727274+04:00" finish="2011-08-29T17:40:25.4887790+04:00" />
  <ResultSummary outcome="Completed">
    <Counters total="1" executed="1" passed="1" error="0" failed="0" timeout="0" aborted="0" inconclusive="0" passedButRunAborted="0" notRunnable="0" notExecuted="0" disconnected="0" warning="0" completed="0" inProgress="0" pending="0" />
  </ResultSummary>
  <TestDefinitions>
    <UnitTest name="TestToIndentityValueType" storage="c:\users\gordoll\documents\visual studio 2010\projects\mvcblanket\mvcblanketlibtest\bin\debug\mvcblanketlibtest.dll" id="9d06016c-7e6a-695b-6be2-edc27b19eadb">
      <Execution timeOut="1800000" id="fc2276c9-569b-48b0-9171-afa286176d7c" />
      <TestMethod codeBase="c:/users/gordoll/documents/visual studio 2010/Projects/MvcBlanket/MvcBlanketLibTest/bin/Debug/MvcBlanketLibTest.DLL" adapterTypeName="Microsoft.VisualStudio.TestTools.TestTypes.Unit.UnitTestAdapter, Microsoft.VisualStudio.QualityTools.Tips.UnitTest.Adapter, Version=10.0.0.0, Culture=neutral, PublicKeyToken=b03f5f7f11d50a3a" className="MvcBlanketLibTest.IdentityMonadsTest, MvcBlanketLibTest, Version=1.0.0.0, Culture=neutral, PublicKeyToken=null" name="TestToIndentityValueType" />
    </UnitTest>
  </TestDefinitions>
  <TestLists>
    <TestList name="Results Not in a List" id="8c84fa94-04c1-424b-9868-57a2d4851a1d" />
    <TestList name="All Loaded Results" id="19431567-8539-422a-85d7-44ee4e166bda" />
  </TestLists>
  <TestEntries>
    <TestEntry testId="9d06016c-7e6a-695b-6be2-edc27b19eadb" executionId="fc2276c9-569b-48b0-9171-afa286176d7c" testListId="8c84fa94-04c1-424b-9868-57a2d4851a1d" />
  </TestEntries>
  <Results>
    <UnitTestResult executionId="fc2276c9-569b-48b0-9171-afa286176d7c" testId="9d06016c-7e6a-695b-6be2-edc27b19eadb" testName="TestToIndentityValueType" computerName="MUZPTO-0863" duration="00:00:00.0422668" startTime="2011-08-29T17:40:25.2367538+04:00" endTime="2011-08-29T17:40:25.3397641+04:00" testType="13cdc9d9-ddb5-4fa4-a97d-d965ccfc6d4b" outcome="Passed" testListId="8c84fa94-04c1-424b-9868-57a2d4851a1d" relativeResultsDirectory="fc2276c9-569b-48b0-9171-afa286176d7c">
    </UnitTestResult>
  </Results>
</TestRun>